[debug] [2023-05-05T13:41:19.044Z] ----------------------------------------------------------------------
[debug] [2023-05-05T13:41:19.047Z] Command:       /usr/local/bin/node /Users/oribenez/Developments/vscode/auto-enroll-arbox/node_modules/.bin/firebase deploy --only functions:api
[debug] [2023-05-05T13:41:19.048Z] CLI Version:   11.30.0
[debug] [2023-05-05T13:41:19.048Z] Platform:      darwin
[debug] [2023-05-05T13:41:19.048Z] Node Version:  v19.0.0
[debug] [2023-05-05T13:41:19.048Z] Time:          Fri May 05 2023 16:41:19 GMT+0300 (Israel Daylight Time)
[debug] [2023-05-05T13:41:19.048Z] ----------------------------------------------------------------------
[debug] 
[debug] [2023-05-05T13:41:19.123Z] > command requires scopes: ["email","openid","https://www.googleapis.com/auth/cloudplatformprojects.readonly","https://www.googleapis.com/auth/firebase","https://www.googleapis.com/auth/cloud-platform"]
[debug] [2023-05-05T13:41:19.124Z] > authorizing via signed-in user (oriben467@gmail.com)
[debug] [2023-05-05T13:41:19.124Z] [iam] checking project auto-enroll-arbox for permissions ["cloudfunctions.functions.create","cloudfunctions.functions.delete","cloudfunctions.functions.get","cloudfunctions.functions.list","cloudfunctions.functions.update","cloudfunctions.operations.get","firebase.projects.get"]
[debug] [2023-05-05T13:41:19.126Z] >>> [apiv2][query] POST https://cloudresourcemanager.googleapis.com/v1/projects/auto-enroll-arbox:testIamPermissions [none]
[debug] [2023-05-05T13:41:19.127Z] >>> [apiv2][(partial)header] POST https://cloudresourcemanager.googleapis.com/v1/projects/auto-enroll-arbox:testIamPermissions x-goog-quota-user=projects/auto-enroll-arbox
[debug] [2023-05-05T13:41:19.127Z] >>> [apiv2][body] POST https://cloudresourcemanager.googleapis.com/v1/projects/auto-enroll-arbox:testIamPermissions {"permissions":["cloudfunctions.functions.create","cloudfunctions.functions.delete","cloudfunctions.functions.get","cloudfunctions.functions.list","cloudfunctions.functions.update","cloudfunctions.operations.get","firebase.projects.get"]}
[debug] [2023-05-05T13:42:22.704Z] ----------------------------------------------------------------------
[debug] [2023-05-05T13:42:22.707Z] Command:       /usr/local/bin/node /Users/oribenez/Developments/vscode/auto-enroll-arbox/node_modules/.bin/firebase deploy --only functions:api
[debug] [2023-05-05T13:42:22.708Z] CLI Version:   11.30.0
[debug] [2023-05-05T13:42:22.708Z] Platform:      darwin
[debug] [2023-05-05T13:42:22.708Z] Node Version:  v19.0.0
[debug] [2023-05-05T13:42:22.708Z] Time:          Fri May 05 2023 16:42:22 GMT+0300 (Israel Daylight Time)
[debug] [2023-05-05T13:42:22.708Z] ----------------------------------------------------------------------
[debug] 
[debug] [2023-05-05T13:42:22.779Z] > command requires scopes: ["email","openid","https://www.googleapis.com/auth/cloudplatformprojects.readonly","https://www.googleapis.com/auth/firebase","https://www.googleapis.com/auth/cloud-platform"]
[debug] [2023-05-05T13:42:22.779Z] > authorizing via signed-in user (oriben467@gmail.com)
[debug] [2023-05-05T13:42:22.780Z] [iam] checking project auto-enroll-arbox for permissions ["cloudfunctions.functions.create","cloudfunctions.functions.delete","cloudfunctions.functions.get","cloudfunctions.functions.list","cloudfunctions.functions.update","cloudfunctions.operations.get","firebase.projects.get"]
[debug] [2023-05-05T13:42:22.782Z] >>> [apiv2][query] POST https://cloudresourcemanager.googleapis.com/v1/projects/auto-enroll-arbox:testIamPermissions [none]
[debug] [2023-05-05T13:42:22.782Z] >>> [apiv2][(partial)header] POST https://cloudresourcemanager.googleapis.com/v1/projects/auto-enroll-arbox:testIamPermissions x-goog-quota-user=projects/auto-enroll-arbox
[debug] [2023-05-05T13:42:22.782Z] >>> [apiv2][body] POST https://cloudresourcemanager.googleapis.com/v1/projects/auto-enroll-arbox:testIamPermissions {"permissions":["cloudfunctions.functions.create","cloudfunctions.functions.delete","cloudfunctions.functions.get","cloudfunctions.functions.list","cloudfunctions.functions.update","cloudfunctions.operations.get","firebase.projects.get"]}
[debug] [2023-05-05T13:42:23.896Z] <<< [apiv2][status] POST https://cloudresourcemanager.googleapis.com/v1/projects/auto-enroll-arbox:testIamPermissions 200
[debug] [2023-05-05T13:42:23.900Z] <<< [apiv2][body] POST https://cloudresourcemanager.googleapis.com/v1/projects/auto-enroll-arbox:testIamPermissions {"permissions":["cloudfunctions.functions.create","cloudfunctions.functions.delete","cloudfunctions.functions.get","cloudfunctions.functions.list","cloudfunctions.functions.update","cloudfunctions.operations.get","firebase.projects.get"]}
[debug] [2023-05-05T13:42:23.903Z] >>> [apiv2][query] POST https://iam.googleapis.com/v1/projects/auto-enroll-arbox/serviceAccounts/auto-enroll-arbox@appspot.gserviceaccount.com:testIamPermissions [none]
[debug] [2023-05-05T13:42:23.904Z] >>> [apiv2][body] POST https://iam.googleapis.com/v1/projects/auto-enroll-arbox/serviceAccounts/auto-enroll-arbox@appspot.gserviceaccount.com:testIamPermissions {"permissions":["iam.serviceAccounts.actAs"]}
